# JRE version: OpenJDK Runtime Environment (15.0.1+9) (build 15.0.1+9-18)
# Java VM: OpenJDK 64-Bit Server VM (15.0.1+9-18, mixed mode, tiered, compressed oops, g1 gc, windows-amd64)
GC Precious Log:
 CPUs: 2 total, 2 available
 Memory: 3486M
 Large Page Support: Disabled
 NUMA Support: Disabled
 Compressed Oops: Enabled (32-bit)
 Heap Region Size: 1M
 Heap Min Capacity: 8M
 Heap Initial Capacity: 56M
 Heap Max Capacity: 872M
 Pre-touch: Disabled
 Parallel Workers: 2
 Concurrent Workers: 1
 Concurrent Refinement Workers: 2
 Periodic GC: Disabled
Heap:
 garbage-first heap   total 65536K, used 37489K [0x00000000c9800000, 0x0000000100000000)
  region size 1024K, 16 young (16384K), 4 survivors (4096K)
 Metaspace       used 54542K, capacity 55224K, committed 55296K, reserved 1099776K
  class space    used 7145K, capacity 7375K, committed 7424K, reserved 1048576K
GC Heap History (20 events):
Event: 24.058 GC heap before
{Heap before GC invocations=13 (full 0):
 garbage-first heap   total 54272K, used 43265K [0x00000000c9800000, 0x0000000100000000)
  region size 1024K, 29 young (29696K), 3 survivors (3072K)
 Metaspace       used 30451K, capacity 30986K, committed 31104K, reserved 1077248K
  class space    used 3540K, capacity 3673K, committed 3712K, reserved 1048576K
}
Event: 24.080 GC heap after
{Heap after GC invocations=14 (full 0):
 garbage-first heap   total 54272K, used 17868K [0x00000000c9800000, 0x0000000100000000)
  region size 1024K, 4 young (4096K), 4 survivors (4096K)
 Metaspace       used 30451K, capacity 30986K, committed 31104K, reserved 1077248K
  class space    used 3540K, capacity 3673K, committed 3712K, reserved 1048576K
}
Event: 26.322 GC heap before
{Heap before GC invocations=14 (full 0):
 garbage-first heap   total 54272K, used 42444K [0x00000000c9800000, 0x0000000100000000)
  region size 1024K, 28 young (28672K), 4 survivors (4096K)
 Metaspace       used 32769K, capacity 33332K, committed 33536K, reserved 1079296K
  class space    used 3886K, capacity 4045K, committed 4096K, reserved 1048576K
}
Event: 26.349 GC heap after
{Heap after GC invocations=15 (full 0):
 garbage-first heap   total 54272K, used 19103K [0x00000000c9800000, 0x0000000100000000)
  region size 1024K, 3 young (3072K), 3 survivors (3072K)
 Metaspace       used 32769K, capacity 33332K, committed 33536K, reserved 1079296K
  class space    used 3886K, capacity 4045K, committed 4096K, reserved 1048576K
}
Event: 28.755 GC heap before
{Heap before GC invocations=15 (full 0):
 garbage-first heap   total 54272K, used 39583K [0x00000000c9800000, 0x0000000100000000)
  region size 1024K, 24 young (24576K), 3 survivors (3072K)
 Metaspace       used 35259K, capacity 35798K, committed 35840K, reserved 1081344K
  class space    used 4272K, capacity 4438K, committed 4480K, reserved 1048576K
}
Event: 28.791 GC heap after
{Heap after GC invocations=16 (full 0):
 garbage-first heap   total 54272K, used 20511K [0x00000000c9800000, 0x0000000100000000)
  region size 1024K, 3 young (3072K), 3 survivors (3072K)
 Metaspace       used 35259K, capacity 35798K, committed 35840K, reserved 1081344K
  class space    used 4272K, capacity 4438K, committed 4480K, reserved 1048576K
}
Event: 31.698 GC heap before
{Heap before GC invocations=17 (full 0):
 garbage-first heap   total 54272K, used 43039K [0x00000000c9800000, 0x0000000100000000)
  region size 1024K, 25 young (25600K), 3 survivors (3072K)
 Metaspace       used 38297K, capacity 38816K, committed 39040K, reserved 1083392K
  class space    used 4703K, capacity 4878K, committed 4992K, reserved 1048576K
}
Event: 31.749 GC heap after
{Heap after GC invocations=18 (full 0):
 garbage-first heap   total 54272K, used 22853K [0x00000000c9800000, 0x0000000100000000)
  region size 1024K, 4 young (4096K), 4 survivors (4096K)
 Metaspace       used 38297K, capacity 38816K, committed 39040K, reserved 1083392K
  class space    used 4703K, capacity 4878K, committed 4992K, reserved 1048576K
}
Event: 31.986 GC heap before
{Heap before GC invocations=18 (full 0):
 garbage-first heap   total 54272K, used 41285K [0x00000000c9800000, 0x0000000100000000)
  region size 1024K, 23 young (23552K), 4 survivors (4096K)
 Metaspace       used 38297K, capacity 38816K, committed 39040K, reserved 1083392K
  class space    used 4703K, capacity 4878K, committed 4992K, reserved 1048576K
}
Event: 32.100 GC heap after
{Heap after GC invocations=19 (full 0):
 garbage-first heap   total 65536K, used 23389K [0x00000000c9800000, 0x0000000100000000)
  region size 1024K, 1 young (1024K), 1 survivors (1024K)
 Metaspace       used 38297K, capacity 38816K, committed 39040K, reserved 1083392K
  class space    used 4703K, capacity 4878K, committed 4992K, reserved 1048576K
}
Event: 32.695 GC heap before
{Heap before GC invocations=19 (full 0):
 garbage-first heap   total 65536K, used 51037K [0x00000000c9800000, 0x0000000100000000)
  region size 1024K, 29 young (29696K), 1 survivors (1024K)
 Metaspace       used 38750K, capacity 39296K, committed 39552K, reserved 1083392K
  class space    used 4742K, capacity 4910K, committed 4992K, reserved 1048576K
}
Event: 32.704 GC heap after
{Heap after GC invocations=20 (full 0):
 garbage-first heap   total 65536K, used 23075K [0x00000000c9800000, 0x0000000100000000)
  region size 1024K, 1 young (1024K), 1 survivors (1024K)
 Metaspace       used 38750K, capacity 39296K, committed 39552K, reserved 1083392K
  class space    used 4742K, capacity 4910K, committed 4992K, reserved 1048576K
}
Event: 32.786 GC heap before
{Heap before GC invocations=20 (full 0):
 garbage-first heap   total 65536K, used 50723K [0x00000000c9800000, 0x0000000100000000)
  region size 1024K, 29 young (29696K), 1 survivors (1024K)
 Metaspace       used 38757K, capacity 39296K, committed 39552K, reserved 1083392K
  class space    used 4743K, capacity 4910K, committed 4992K, reserved 1048576K
}
Event: 32.790 GC heap after
{Heap after GC invocations=21 (full 0):
 garbage-first heap   total 65536K, used 23144K [0x00000000c9800000, 0x0000000100000000)
  region size 1024K, 1 young (1024K), 1 survivors (1024K)
 Metaspace       used 38757K, capacity 39296K, committed 39552K, reserved 1083392K
  class space    used 4743K, capacity 4910K, committed 4992K, reserved 1048576K
}
Event: 34.916 GC heap before
{Heap before GC invocations=21 (full 0):
 garbage-first heap   total 65536K, used 51816K [0x00000000c9800000, 0x0000000100000000)
  region size 1024K, 30 young (30720K), 1 survivors (1024K)
 Metaspace       used 40132K, capacity 40758K, committed 40832K, reserved 1085440K
  class space    used 4960K, capacity 5181K, committed 5248K, reserved 1048576K
}
Event: 34.932 GC heap after
{Heap after GC invocations=22 (full 0):
 garbage-first heap   total 65536K, used 23841K [0x00000000c9800000, 0x0000000100000000)
  region size 1024K, 2 young (2048K), 2 survivors (2048K)
 Metaspace       used 40132K, capacity 40758K, committed 40832K, reserved 1085440K
  class space    used 4960K, capacity 5181K, committed 5248K, reserved 1048576K
}
Event: 38.796 GC heap before
{Heap before GC invocations=22 (full 0):
 garbage-first heap   total 65536K, used 53537K [0x00000000c9800000, 0x0000000100000000)
  region size 1024K, 31 young (31744K), 2 survivors (2048K)
 Metaspace       used 45639K, capacity 46292K, committed 46592K, reserved 1089536K
  class space    used 5835K, capacity 6084K, committed 6144K, reserved 1048576K
}
Event: 38.815 GC heap after
{Heap after GC invocations=23 (full 0):
 garbage-first heap   total 65536K, used 25010K [0x00000000c9800000, 0x0000000100000000)
  region size 1024K, 3 young (3072K), 3 survivors (3072K)
 Metaspace       used 45639K, capacity 46292K, committed 46592K, reserved 1089536K
  class space    used 5835K, capacity 6084K, committed 6144K, reserved 1048576K
}
Event: 42.328 GC heap before
{Heap before GC invocations=23 (full 0):
 garbage-first heap   total 65536K, used 51634K [0x00000000c9800000, 0x0000000100000000)
  region size 1024K, 30 young (30720K), 3 survivors (3072K)
 Metaspace       used 52179K, capacity 52835K, committed 52992K, reserved 1097728K
  class space    used 6804K, capacity 7048K, committed 7168K, reserved 1048576K
}
Event: 42.355 GC heap after
{Heap after GC invocations=24 (full 0):
 garbage-first heap   total 65536K, used 26225K [0x00000000c9800000, 0x0000000100000000)
  region size 1024K, 4 young (4096K), 4 survivors (4096K)
 Metaspace       used 52179K, capacity 52835K, committed 52992K, reserved 1097728K
  class space    used 6804K, capacity 7048K, committed 7168K, reserved 1048576K
}

