# JRE version: OpenJDK Runtime Environment (15.0.1+9) (build 15.0.1+9-18)
# Java VM: OpenJDK 64-Bit Server VM (15.0.1+9-18, mixed mode, tiered, compressed oops, g1 gc, windows-amd64)
GC Precious Log:
 CPUs: 2 total, 2 available
 Memory: 3486M
 Large Page Support: Disabled
 NUMA Support: Disabled
 Compressed Oops: Enabled (32-bit)
 Heap Region Size: 1M
 Heap Min Capacity: 8M
 Heap Initial Capacity: 56M
 Heap Max Capacity: 872M
 Pre-touch: Disabled
 Parallel Workers: 2
 Concurrent Workers: 1
 Concurrent Refinement Workers: 2
 Periodic GC: Disabled
Heap:
 garbage-first heap   total 58368K, used 19778K [0x00000000c9800000, 0x0000000100000000)
  region size 1024K, 3 young (3072K), 3 survivors (3072K)
 Metaspace       used 33262K, capacity 33825K, committed 33920K, reserved 1079296K
  class space    used 3979K, capacity 4139K, committed 4224K, reserved 1048576K
GC Heap History (20 events):
Event: 19.253 GC heap after
{Heap after GC invocations=5 (full 0):
 garbage-first heap   total 57344K, used 11479K [0x00000000c9800000, 0x0000000100000000)
  region size 1024K, 2 young (2048K), 2 survivors (2048K)
 Metaspace       used 16143K, capacity 16369K, committed 16384K, reserved 1064960K
  class space    used 1692K, capacity 1781K, committed 1792K, reserved 1048576K
}
Event: 20.430 GC heap before
{Heap before GC invocations=5 (full 0):
 garbage-first heap   total 57344K, used 39127K [0x00000000c9800000, 0x0000000100000000)
  region size 1024K, 30 young (30720K), 2 survivors (2048K)
 Metaspace       used 16297K, capacity 16535K, committed 16768K, reserved 1064960K
  class space    used 1714K, capacity 1815K, committed 1920K, reserved 1048576K
}
Event: 20.442 GC heap after
{Heap after GC invocations=6 (full 0):
 garbage-first heap   total 57344K, used 11404K [0x00000000c9800000, 0x0000000100000000)
  region size 1024K, 2 young (2048K), 2 survivors (2048K)
 Metaspace       used 16297K, capacity 16535K, committed 16768K, reserved 1064960K
  class space    used 1714K, capacity 1815K, committed 1920K, reserved 1048576K
}
Event: 23.909 GC heap before
{Heap before GC invocations=6 (full 0):
 garbage-first heap   total 57344K, used 32908K [0x00000000c9800000, 0x0000000100000000)
  region size 1024K, 25 young (25600K), 2 survivors (2048K)
 Metaspace       used 20831K, capacity 21138K, committed 21248K, reserved 1069056K
  class space    used 2371K, capacity 2470K, committed 2560K, reserved 1048576K
}
Event: 23.935 GC heap after
{Heap after GC invocations=7 (full 0):
 garbage-first heap   total 57344K, used 13071K [0x00000000c9800000, 0x0000000100000000)
  region size 1024K, 3 young (3072K), 3 survivors (3072K)
 Metaspace       used 20831K, capacity 21138K, committed 21248K, reserved 1069056K
  class space    used 2371K, capacity 2470K, committed 2560K, reserved 1048576K
}
Event: 26.978 GC heap before
{Heap before GC invocations=8 (full 0):
 garbage-first heap   total 48128K, used 37647K [0x00000000c9800000, 0x0000000100000000)
  region size 1024K, 28 young (28672K), 3 survivors (3072K)
 Metaspace       used 26684K, capacity 27027K, committed 27264K, reserved 1073152K
  class space    used 3077K, capacity 3191K, committed 3200K, reserved 1048576K
}
Event: 27.008 GC heap after
{Heap after GC invocations=9 (full 0):
 garbage-first heap   total 48128K, used 13771K [0x00000000c9800000, 0x0000000100000000)
  region size 1024K, 3 young (3072K), 3 survivors (3072K)
 Metaspace       used 26684K, capacity 27027K, committed 27264K, reserved 1073152K
  class space    used 3077K, capacity 3191K, committed 3200K, reserved 1048576K
}
Event: 28.883 GC heap before
{Heap before GC invocations=9 (full 0):
 garbage-first heap   total 48128K, used 37323K [0x00000000c9800000, 0x0000000100000000)
  region size 1024K, 26 young (26624K), 3 survivors (3072K)
 Metaspace       used 27386K, capacity 27802K, committed 27904K, reserved 1073152K
  class space    used 3189K, capacity 3297K, committed 3328K, reserved 1048576K
}
Event: 28.907 GC heap after
{Heap after GC invocations=10 (full 0):
 garbage-first heap   total 48128K, used 14788K [0x00000000c9800000, 0x0000000100000000)
  region size 1024K, 2 young (2048K), 2 survivors (2048K)
 Metaspace       used 27386K, capacity 27802K, committed 27904K, reserved 1073152K
  class space    used 3189K, capacity 3297K, committed 3328K, reserved 1048576K
}
Event: 29.916 GC heap before
{Heap before GC invocations=10 (full 0):
 garbage-first heap   total 48128K, used 36292K [0x00000000c9800000, 0x0000000100000000)
  region size 1024K, 24 young (24576K), 2 survivors (2048K)
 Metaspace       used 28103K, capacity 28511K, committed 28800K, reserved 1075200K
  class space    used 3254K, capacity 3364K, committed 3456K, reserved 1048576K
}
Event: 29.951 GC heap after
{Heap after GC invocations=11 (full 0):
 garbage-first heap   total 48128K, used 15493K [0x00000000c9800000, 0x0000000100000000)
  region size 1024K, 2 young (2048K), 2 survivors (2048K)
 Metaspace       used 28103K, capacity 28511K, committed 28800K, reserved 1075200K
  class space    used 3254K, capacity 3364K, committed 3456K, reserved 1048576K
}
Event: 29.970 GC heap before
{Heap before GC invocations=11 (full 0):
 garbage-first heap   total 48128K, used 36997K [0x00000000c9800000, 0x0000000100000000)
  region size 1024K, 24 young (24576K), 2 survivors (2048K)
 Metaspace       used 28103K, capacity 28511K, committed 28800K, reserved 1075200K
  class space    used 3254K, capacity 3364K, committed 3456K, reserved 1048576K
}
Event: 29.992 GC heap after
{Heap after GC invocations=12 (full 0):
 garbage-first heap   total 48128K, used 15386K [0x00000000c9800000, 0x0000000100000000)
  region size 1024K, 1 young (1024K), 1 survivors (1024K)
 Metaspace       used 28103K, capacity 28511K, committed 28800K, reserved 1075200K
  class space    used 3254K, capacity 3364K, committed 3456K, reserved 1048576K
}
Event: 32.760 GC heap before
{Heap before GC invocations=12 (full 0):
 garbage-first heap   total 48128K, used 36890K [0x00000000c9800000, 0x0000000100000000)
  region size 1024K, 23 young (23552K), 1 survivors (1024K)
 Metaspace       used 29574K, capacity 30034K, committed 30208K, reserved 1075200K
  class space    used 3423K, capacity 3529K, committed 3584K, reserved 1048576K
}
Event: 32.772 GC heap after
{Heap after GC invocations=13 (full 0):
 garbage-first heap   total 48128K, used 16352K [0x00000000c9800000, 0x0000000100000000)
  region size 1024K, 2 young (2048K), 2 survivors (2048K)
 Metaspace       used 29574K, capacity 30034K, committed 30208K, reserved 1075200K
  class space    used 3423K, capacity 3529K, committed 3584K, reserved 1048576K
}
Event: 34.174 GC heap before
{Heap before GC invocations=13 (full 0):
 garbage-first heap   total 48128K, used 36832K [0x00000000c9800000, 0x0000000100000000)
  region size 1024K, 23 young (23552K), 2 survivors (2048K)
 Metaspace       used 30269K, capacity 30766K, committed 30848K, reserved 1077248K
  class space    used 3514K, capacity 3637K, committed 3712K, reserved 1048576K
}
Event: 34.193 GC heap after
{Heap after GC invocations=14 (full 0):
 garbage-first heap   total 48128K, used 17432K [0x00000000c9800000, 0x0000000100000000)
  region size 1024K, 3 young (3072K), 3 survivors (3072K)
 Metaspace       used 30269K, capacity 30766K, committed 30848K, reserved 1077248K
  class space    used 3514K, capacity 3637K, committed 3712K, reserved 1048576K
}
Event: 35.819 GC heap before
{Heap before GC invocations=14 (full 0):
 garbage-first heap   total 48128K, used 35864K [0x00000000c9800000, 0x0000000100000000)
  region size 1024K, 22 young (22528K), 3 survivors (3072K)
 Metaspace       used 31685K, capacity 32196K, committed 32384K, reserved 1077248K
  class space    used 3717K, capacity 3876K, committed 3968K, reserved 1048576K
}
Event: 35.839 GC heap after
{Heap after GC invocations=15 (full 0):
 garbage-first heap   total 48128K, used 18502K [0x00000000c9800000, 0x0000000100000000)
  region size 1024K, 3 young (3072K), 3 survivors (3072K)
 Metaspace       used 31685K, capacity 32196K, committed 32384K, reserved 1077248K
  class space    used 3717K, capacity 3876K, committed 3968K, reserved 1048576K
}
Event: 38.642 GC heap before
{Heap before GC invocations=15 (full 0):
 garbage-first heap   total 48128K, used 37958K [0x00000000c9800000, 0x0000000100000000)
  region size 1024K, 22 young (22528K), 3 survivors (3072K)
 Metaspace       used 33262K, capacity 33825K, committed 33920K, reserved 1079296K
  class space    used 3979K, capacity 4139K, committed 4224K, reserved 1048576K
}

